C:\USERS\CHUCK WANG\DESKTOP\SAMPLE-CODE\DEBUG\SAMPLE-CODE.EXE
C:\USERS\CHUCK WANG\DESKTOP\SAMPLE-CODE\DEBUG\SAMPLE-CODE.ILK
C:\USERS\CHUCK WANG\DESKTOP\SAMPLE-CODE\DEBUG\SAMPLE-CODE.PDB
C:\Users\chuck wang\Desktop\sample-code\sample-code\Debug\cl.command.1.tlog
C:\Users\chuck wang\Desktop\sample-code\sample-code\Debug\CL.read.1.tlog
C:\Users\chuck wang\Desktop\sample-code\sample-code\Debug\CL.write.1.tlog
C:\Users\chuck wang\Desktop\sample-code\sample-code\Debug\link.1072.read.1.tlog
C:\Users\chuck wang\Desktop\sample-code\sample-code\Debug\link.1072.write.1.tlog
C:\Users\chuck wang\Desktop\sample-code\sample-code\Debug\link.1072-cvtres.read.1.tlog
C:\Users\chuck wang\Desktop\sample-code\sample-code\Debug\link.1072-cvtres.write.1.tlog
C:\Users\chuck wang\Desktop\sample-code\sample-code\Debug\link.10860.read.1.tlog
C:\Users\chuck wang\Desktop\sample-code\sample-code\Debug\link.10860.write.1.tlog
C:\Users\chuck wang\Desktop\sample-code\sample-code\Debug\link.10860-cvtres.read.1.tlog
C:\Users\chuck wang\Desktop\sample-code\sample-code\Debug\link.10860-cvtres.write.1.tlog
C:\Users\chuck wang\Desktop\sample-code\sample-code\Debug\link.1528.read.1.tlog
C:\Users\chuck wang\Desktop\sample-code\sample-code\Debug\link.1528.write.1.tlog
C:\Users\chuck wang\Desktop\sample-code\sample-code\Debug\link.1528-cvtres.read.1.tlog
C:\Users\chuck wang\Desktop\sample-code\sample-code\Debug\link.1528-cvtres.write.1.tlog
C:\Users\chuck wang\Desktop\sample-code\sample-code\Debug\link.2184.read.1.tlog
C:\Users\chuck wang\Desktop\sample-code\sample-code\Debug\link.2184.write.1.tlog
C:\Users\chuck wang\Desktop\sample-code\sample-code\Debug\link.2184-cvtres.read.1.tlog
C:\Users\chuck wang\Desktop\sample-code\sample-code\Debug\link.2184-cvtres.write.1.tlog
C:\Users\chuck wang\Desktop\sample-code\sample-code\Debug\link.2600.read.1.tlog
C:\Users\chuck wang\Desktop\sample-code\sample-code\Debug\link.2600.write.1.tlog
C:\Users\chuck wang\Desktop\sample-code\sample-code\Debug\link.2600-cvtres.read.1.tlog
C:\Users\chuck wang\Desktop\sample-code\sample-code\Debug\link.2600-cvtres.write.1.tlog
C:\Users\chuck wang\Desktop\sample-code\sample-code\Debug\link.2692.read.1.tlog
C:\Users\chuck wang\Desktop\sample-code\sample-code\Debug\link.2692.write.1.tlog
C:\Users\chuck wang\Desktop\sample-code\sample-code\Debug\link.2692-cvtres.read.1.tlog
C:\Users\chuck wang\Desktop\sample-code\sample-code\Debug\link.2692-cvtres.write.1.tlog
C:\Users\chuck wang\Desktop\sample-code\sample-code\Debug\link.316.read.1.tlog
C:\Users\chuck wang\Desktop\sample-code\sample-code\Debug\link.316.write.1.tlog
C:\Users\chuck wang\Desktop\sample-code\sample-code\Debug\link.316-cvtres.read.1.tlog
C:\Users\chuck wang\Desktop\sample-code\sample-code\Debug\link.316-cvtres.write.1.tlog
C:\Users\chuck wang\Desktop\sample-code\sample-code\Debug\link.3396.read.1.tlog
C:\Users\chuck wang\Desktop\sample-code\sample-code\Debug\link.3396.write.1.tlog
C:\Users\chuck wang\Desktop\sample-code\sample-code\Debug\link.3396-cvtres.read.1.tlog
C:\Users\chuck wang\Desktop\sample-code\sample-code\Debug\link.3396-cvtres.write.1.tlog
C:\Users\chuck wang\Desktop\sample-code\sample-code\Debug\link.3532.read.1.tlog
C:\Users\chuck wang\Desktop\sample-code\sample-code\Debug\link.3532.write.1.tlog
C:\Users\chuck wang\Desktop\sample-code\sample-code\Debug\link.3532-cvtres.read.1.tlog
C:\Users\chuck wang\Desktop\sample-code\sample-code\Debug\link.3532-cvtres.write.1.tlog
C:\Users\chuck wang\Desktop\sample-code\sample-code\Debug\link.4408.read.1.tlog
C:\Users\chuck wang\Desktop\sample-code\sample-code\Debug\link.4408.write.1.tlog
C:\Users\chuck wang\Desktop\sample-code\sample-code\Debug\link.4408-cvtres.read.1.tlog
C:\Users\chuck wang\Desktop\sample-code\sample-code\Debug\link.4408-cvtres.write.1.tlog
C:\Users\chuck wang\Desktop\sample-code\sample-code\Debug\link.4584.read.1.tlog
C:\Users\chuck wang\Desktop\sample-code\sample-code\Debug\link.4584.write.1.tlog
C:\Users\chuck wang\Desktop\sample-code\sample-code\Debug\link.4584-cvtres.read.1.tlog
C:\Users\chuck wang\Desktop\sample-code\sample-code\Debug\link.4584-cvtres.write.1.tlog
C:\Users\chuck wang\Desktop\sample-code\sample-code\Debug\link.4664.read.1.tlog
C:\Users\chuck wang\Desktop\sample-code\sample-code\Debug\link.4664.write.1.tlog
C:\Users\chuck wang\Desktop\sample-code\sample-code\Debug\link.4664-cvtres.read.1.tlog
C:\Users\chuck wang\Desktop\sample-code\sample-code\Debug\link.4664-cvtres.write.1.tlog
C:\Users\chuck wang\Desktop\sample-code\sample-code\Debug\link.4860.read.1.tlog
C:\Users\chuck wang\Desktop\sample-code\sample-code\Debug\link.4860.write.1.tlog
C:\Users\chuck wang\Desktop\sample-code\sample-code\Debug\link.4860-cvtres.read.1.tlog
C:\Users\chuck wang\Desktop\sample-code\sample-code\Debug\link.4860-cvtres.write.1.tlog
C:\Users\chuck wang\Desktop\sample-code\sample-code\Debug\link.5216.read.1.tlog
C:\Users\chuck wang\Desktop\sample-code\sample-code\Debug\link.5216.write.1.tlog
C:\Users\chuck wang\Desktop\sample-code\sample-code\Debug\link.5216-cvtres.read.1.tlog
C:\Users\chuck wang\Desktop\sample-code\sample-code\Debug\link.5216-cvtres.write.1.tlog
C:\Users\chuck wang\Desktop\sample-code\sample-code\Debug\link.5396.read.1.tlog
C:\Users\chuck wang\Desktop\sample-code\sample-code\Debug\link.5396.write.1.tlog
C:\Users\chuck wang\Desktop\sample-code\sample-code\Debug\link.5396-cvtres.read.1.tlog
C:\Users\chuck wang\Desktop\sample-code\sample-code\Debug\link.5396-cvtres.write.1.tlog
C:\Users\chuck wang\Desktop\sample-code\sample-code\Debug\link.6028.read.1.tlog
C:\Users\chuck wang\Desktop\sample-code\sample-code\Debug\link.6028.write.1.tlog
C:\Users\chuck wang\Desktop\sample-code\sample-code\Debug\link.6028-cvtres.read.1.tlog
C:\Users\chuck wang\Desktop\sample-code\sample-code\Debug\link.6028-cvtres.write.1.tlog
C:\Users\chuck wang\Desktop\sample-code\sample-code\Debug\link.6096.read.1.tlog
C:\Users\chuck wang\Desktop\sample-code\sample-code\Debug\link.6096.write.1.tlog
C:\Users\chuck wang\Desktop\sample-code\sample-code\Debug\link.6096-cvtres.read.1.tlog
C:\Users\chuck wang\Desktop\sample-code\sample-code\Debug\link.6096-cvtres.write.1.tlog
C:\Users\chuck wang\Desktop\sample-code\sample-code\Debug\link.6600.read.1.tlog
C:\Users\chuck wang\Desktop\sample-code\sample-code\Debug\link.6600.write.1.tlog
C:\Users\chuck wang\Desktop\sample-code\sample-code\Debug\link.6600-cvtres.read.1.tlog
C:\Users\chuck wang\Desktop\sample-code\sample-code\Debug\link.6600-cvtres.write.1.tlog
C:\Users\chuck wang\Desktop\sample-code\sample-code\Debug\link.command.1.tlog
C:\Users\chuck wang\Desktop\sample-code\sample-code\Debug\link.read.1.tlog
C:\Users\chuck wang\Desktop\sample-code\sample-code\Debug\link.write.1.tlog
C:\Users\chuck wang\Desktop\sample-code\sample-code\Debug\link-cvtres.read.1.tlog
C:\Users\chuck wang\Desktop\sample-code\sample-code\Debug\link-cvtres.write.1.tlog
C:\Users\chuck wang\Desktop\sample-code\sample-code\Debug\mt.command.1.tlog
C:\Users\chuck wang\Desktop\sample-code\sample-code\Debug\mt.read.1.tlog
C:\Users\chuck wang\Desktop\sample-code\sample-code\Debug\mt.write.1.tlog
C:\Users\chuck wang\Desktop\sample-code\sample-code\Debug\rc.command.1.tlog
C:\Users\chuck wang\Desktop\sample-code\sample-code\Debug\rc.read.1.tlog
C:\Users\chuck wang\Desktop\sample-code\sample-code\Debug\rc.write.1.tlog
C:\Users\chuck wang\Desktop\sample-code\sample-code\Debug\sample-code.exe.embed.manifest
C:\USERS\CHUCK WANG\DESKTOP\SAMPLE-CODE\SAMPLE-CODE\DEBUG\SAMPLE-CODE.EXE.EMBED.MANIFEST.RES
C:\USERS\CHUCK WANG\DESKTOP\SAMPLE-CODE\SAMPLE-CODE\DEBUG\SAMPLE-CODE.EXE.INTERMEDIATE.MANIFEST
C:\Users\chuck wang\Desktop\sample-code\sample-code\Debug\sample-code_manifest.rc
C:\Users\chuck wang\Desktop\sample-code\sample-code\Debug\vc100.idb
C:\USERS\CHUCK WANG\DESKTOP\SAMPLE-CODE\SAMPLE-CODE\DEBUG\VC100.PDB
C:\USERS\CHUCK WANG\DESKTOP\SAMPLE-CODE\SAMPLE-CODE\DEBUG\WINSOCK.OBJ
C:\USERS\CHUCK WANG\DESKTOP\SAMPLE-CODE\SAMPLE-CODE\DEBUG\YAO-MAIN.OBJ
C:\YAO\UD_CS\COURSES\470_F2012\ASSIGNMENTS\AS1-CRAWLER\CODE\SAMPLE-CODE\DEBUG\SAMPLE-CODE.EXE
C:\YAO\UD_CS\COURSES\470_F2012\ASSIGNMENTS\AS1-CRAWLER\CODE\SAMPLE-CODE\DEBUG\SAMPLE-CODE.ILK
C:\YAO\UD_CS\COURSES\470_F2012\ASSIGNMENTS\AS1-CRAWLER\CODE\SAMPLE-CODE\DEBUG\SAMPLE-CODE.PDB
C:\YAO\UD_CS\COURSES\470_F2012\ASSIGNMENTS\AS1-CRAWLER\CODE\SAMPLE-CODE\SAMPLE-CODE\DEBUG\SAMPLE-CODE.EXE.EMBED.MANIFEST
C:\YAO\UD_CS\COURSES\470_F2012\ASSIGNMENTS\AS1-CRAWLER\CODE\SAMPLE-CODE\SAMPLE-CODE\DEBUG\SAMPLE-CODE.EXE.EMBED.MANIFEST.RES
C:\YAO\UD_CS\COURSES\470_F2012\ASSIGNMENTS\AS1-CRAWLER\CODE\SAMPLE-CODE\SAMPLE-CODE\DEBUG\SAMPLE-CODE.EXE.INTERMEDIATE.MANIFEST
C:\YAO\UD_CS\COURSES\470_F2012\ASSIGNMENTS\AS1-CRAWLER\CODE\SAMPLE-CODE\SAMPLE-CODE\DEBUG\VC100.PDB
C:\YAO\UD_CS\COURSES\470_F2012\ASSIGNMENTS\AS1-CRAWLER\CODE\SAMPLE-CODE\SAMPLE-CODE\DEBUG\WINSOCK.OBJ
C:\YAO\UD_CS\COURSES\470_F2012\ASSIGNMENTS\AS1-CRAWLER\CODE\SAMPLE-CODE\SAMPLE-CODE\DEBUG\YAO-MAIN.OBJ
