C:\USERS\CHUCK WANG\DESKTOP\570\WANG-PROJ1\DEBUG\WANG-PROJ1.EXE
C:\USERS\CHUCK WANG\DESKTOP\570\WANG-PROJ1\DEBUG\WANG-PROJ1.ILK
C:\USERS\CHUCK WANG\DESKTOP\570\WANG-PROJ1\DEBUG\WANG-PROJ1.PDB
C:\Users\chuck wang\Desktop\570\wang-proj1\sample-code\Debug\cl.command.1.tlog
C:\Users\chuck wang\Desktop\570\wang-proj1\sample-code\Debug\CL.read.1.tlog
C:\Users\chuck wang\Desktop\570\wang-proj1\sample-code\Debug\CL.write.1.tlog
C:\Users\chuck wang\Desktop\570\wang-proj1\sample-code\Debug\link.5064.read.1.tlog
C:\Users\chuck wang\Desktop\570\wang-proj1\sample-code\Debug\link.5064.write.1.tlog
C:\Users\chuck wang\Desktop\570\wang-proj1\sample-code\Debug\link.5064-cvtres.read.1.tlog
C:\Users\chuck wang\Desktop\570\wang-proj1\sample-code\Debug\link.5064-cvtres.write.1.tlog
C:\Users\chuck wang\Desktop\570\wang-proj1\sample-code\Debug\link.command.1.tlog
C:\Users\chuck wang\Desktop\570\wang-proj1\sample-code\Debug\link.read.1.tlog
C:\Users\chuck wang\Desktop\570\wang-proj1\sample-code\Debug\link.write.1.tlog
C:\Users\chuck wang\Desktop\570\wang-proj1\sample-code\Debug\link-cvtres.read.1.tlog
C:\Users\chuck wang\Desktop\570\wang-proj1\sample-code\Debug\link-cvtres.write.1.tlog
C:\Users\chuck wang\Desktop\570\wang-proj1\sample-code\Debug\mt.command.1.tlog
C:\Users\chuck wang\Desktop\570\wang-proj1\sample-code\Debug\mt.read.1.tlog
C:\Users\chuck wang\Desktop\570\wang-proj1\sample-code\Debug\mt.write.1.tlog
C:\Users\chuck wang\Desktop\570\wang-proj1\sample-code\Debug\rc.command.1.tlog
C:\Users\chuck wang\Desktop\570\wang-proj1\sample-code\Debug\rc.read.1.tlog
C:\Users\chuck wang\Desktop\570\wang-proj1\sample-code\Debug\rc.write.1.tlog
C:\Users\chuck wang\Desktop\570\wang-proj1\sample-code\Debug\vc100.idb
C:\USERS\CHUCK WANG\DESKTOP\570\WANG-PROJ1\SAMPLE-CODE\DEBUG\VC100.PDB
C:\USERS\CHUCK WANG\DESKTOP\570\WANG-PROJ1\SAMPLE-CODE\DEBUG\WANGJCRAWLPEER.OBJ
C:\USERS\CHUCK WANG\DESKTOP\570\WANG-PROJ1\SAMPLE-CODE\DEBUG\WANGJ-MAIN.OBJ
C:\USERS\CHUCK WANG\DESKTOP\570\WANG-PROJ1\SAMPLE-CODE\DEBUG\WANG-PROJ1.EXE.EMBED.MANIFEST
C:\USERS\CHUCK WANG\DESKTOP\570\WANG-PROJ1\SAMPLE-CODE\DEBUG\WANG-PROJ1.EXE.EMBED.MANIFEST.RES
C:\USERS\CHUCK WANG\DESKTOP\570\WANG-PROJ1\SAMPLE-CODE\DEBUG\WANG-PROJ1.EXE.INTERMEDIATE.MANIFEST
C:\Users\chuck wang\Desktop\570\wang-proj1\sample-code\Debug\wang-proj1_manifest.rc
C:\USERS\CHUCK WANG\DESKTOP\570\WANG-PROJ1\SAMPLE-CODE\DEBUG\WINSOCK1.OBJ
