C:\USERS\CHUCK WANG\DESKTOP\350\PROVIDED_MAZE\DEBUG\MAZE.EXE
C:\USERS\CHUCK WANG\DESKTOP\350\PROVIDED_MAZE\DEBUG\MAZE.ILK
C:\USERS\CHUCK WANG\DESKTOP\350\PROVIDED_MAZE\DEBUG\MAZE.PDB
C:\USERS\CHUCK WANG\DESKTOP\350\PROVIDED_MAZE\MAZE\DEBUG\D_SET.OBJ
C:\USERS\CHUCK WANG\DESKTOP\350\PROVIDED_MAZE\MAZE\DEBUG\GUI.OBJ
C:\USERS\CHUCK WANG\DESKTOP\350\PROVIDED_MAZE\MAZE\DEBUG\GUI_MAZE.OBJ
C:\USERS\CHUCK WANG\DESKTOP\350\PROVIDED_MAZE\MAZE\DEBUG\INITSHADER.OBJ
C:\USERS\CHUCK WANG\DESKTOP\350\PROVIDED_MAZE\MAZE\DEBUG\MAZE.EXE.INTERMEDIATE.MANIFEST
C:\USERS\CHUCK WANG\DESKTOP\350\PROVIDED_MAZE\MAZE\DEBUG\MAZE.OBJ
C:\USERS\CHUCK WANG\DESKTOP\350\PROVIDED_MAZE\MAZE\DEBUG\MAZE_CELL.OBJ
C:\USERS\CHUCK WANG\DESKTOP\350\PROVIDED_MAZE\MAZE\DEBUG\VC100.PDB
C:\USERS\CHUCK WANG\DESKTOP\350\WANGJ13_MAZE\DEBUG\WANGJ_MAZE.EXE
C:\USERS\CHUCK WANG\DESKTOP\350\WANGJ13_MAZE\DEBUG\WANGJ_MAZE.ILK
C:\USERS\CHUCK WANG\DESKTOP\350\WANGJ13_MAZE\DEBUG\WANGJ_MAZE.PDB
C:\Users\chuck wang\Desktop\350\wangj13_maze\Maze\Debug\cl.command.1.tlog
C:\Users\chuck wang\Desktop\350\wangj13_maze\Maze\Debug\CL.read.1.tlog
C:\Users\chuck wang\Desktop\350\wangj13_maze\Maze\Debug\CL.write.1.tlog
C:\USERS\CHUCK WANG\DESKTOP\350\WANGJ13_MAZE\MAZE\DEBUG\D_SET.OBJ
C:\USERS\CHUCK WANG\DESKTOP\350\WANGJ13_MAZE\MAZE\DEBUG\GUI.OBJ
C:\USERS\CHUCK WANG\DESKTOP\350\WANGJ13_MAZE\MAZE\DEBUG\GUI_MAZE.OBJ
C:\USERS\CHUCK WANG\DESKTOP\350\WANGJ13_MAZE\MAZE\DEBUG\INITSHADER.OBJ
C:\Users\chuck wang\Desktop\350\wangj13_maze\Maze\Debug\link.command.1.tlog
C:\Users\chuck wang\Desktop\350\wangj13_maze\Maze\Debug\link.read.1.tlog
C:\Users\chuck wang\Desktop\350\wangj13_maze\Maze\Debug\link.write.1.tlog
C:\Users\chuck wang\Desktop\350\wangj13_maze\Maze\Debug\Maze.exe.intermediate.manifest
C:\USERS\CHUCK WANG\DESKTOP\350\WANGJ13_MAZE\MAZE\DEBUG\MAZE.OBJ
C:\USERS\CHUCK WANG\DESKTOP\350\WANGJ13_MAZE\MAZE\DEBUG\MAZE_CELL.OBJ
C:\Users\chuck wang\Desktop\350\wangj13_maze\Maze\Debug\mt.command.1.tlog
C:\Users\chuck wang\Desktop\350\wangj13_maze\Maze\Debug\mt.read.1.tlog
C:\Users\chuck wang\Desktop\350\wangj13_maze\Maze\Debug\mt.write.1.tlog
C:\Users\chuck wang\Desktop\350\wangj13_maze\Maze\Debug\vc100.idb
C:\USERS\CHUCK WANG\DESKTOP\350\WANGJ13_MAZE\MAZE\DEBUG\VC100.PDB
C:\USERS\CHUCK WANG\DESKTOP\350\WANGJ13_MAZE\MAZE\DEBUG\WANGJ_MAZE.EXE.INTERMEDIATE.MANIFEST
C:\USERS\CHUCK WANG\DESKTOP\PROVIDED_MAZE\DEBUG\MAZE.EXE
C:\USERS\CHUCK WANG\DESKTOP\PROVIDED_MAZE\DEBUG\MAZE.ILK
C:\USERS\CHUCK WANG\DESKTOP\PROVIDED_MAZE\DEBUG\MAZE.PDB
C:\USERS\CHUCK WANG\DESKTOP\PROVIDED_MAZE\MAZE\DEBUG\D_SET.OBJ
C:\USERS\CHUCK WANG\DESKTOP\PROVIDED_MAZE\MAZE\DEBUG\GUI.OBJ
C:\USERS\CHUCK WANG\DESKTOP\PROVIDED_MAZE\MAZE\DEBUG\GUI_MAZE.OBJ
C:\USERS\CHUCK WANG\DESKTOP\PROVIDED_MAZE\MAZE\DEBUG\INITSHADER.OBJ
C:\USERS\CHUCK WANG\DESKTOP\PROVIDED_MAZE\MAZE\DEBUG\MAZE.EXE.INTERMEDIATE.MANIFEST
C:\USERS\CHUCK WANG\DESKTOP\PROVIDED_MAZE\MAZE\DEBUG\MAZE.OBJ
C:\USERS\CHUCK WANG\DESKTOP\PROVIDED_MAZE\MAZE\DEBUG\MAZE_CELL.OBJ
C:\USERS\CHUCK WANG\DESKTOP\PROVIDED_MAZE\MAZE\DEBUG\VC100.PDB
